[debug] [2022-11-16T19:04:06.155Z] ----------------------------------------------------------------------
[debug] [2022-11-16T19:04:06.159Z] Command:       C:\Program Files\nodejs\node.exe C:\Users\Agata\AppData\Roaming\npm\node_modules\firebase-tools\lib\bin\firebase.js deploy
[debug] [2022-11-16T19:04:06.160Z] CLI Version:   11.16.1
[debug] [2022-11-16T19:04:06.160Z] Platform:      win32
[debug] [2022-11-16T19:04:06.161Z] Node Version:  v16.15.0
[debug] [2022-11-16T19:04:06.163Z] Time:          Wed Nov 16 2022 20:04:06 GMT+0100 (Central European Standard Time)
[debug] [2022-11-16T19:04:06.164Z] ----------------------------------------------------------------------
[debug] 
[debug] [2022-11-16T19:04:06.310Z] > command requires scopes: ["email","openid","https://www.googleapis.com/auth/cloudplatformprojects.readonly","https://www.googleapis.com/auth/firebase","https://www.googleapis.com/auth/cloud-platform"]
[debug] [2022-11-16T19:04:06.311Z] > authorizing via signed-in user (agata.piekarczyk90@gmail.com)
[debug] [2022-11-16T19:04:06.311Z] [iam] checking project employees-7f103 for permissions ["firebase.projects.get","firebasehosting.sites.update"]
[debug] [2022-11-16T19:04:06.315Z] > refreshing access token with scopes: []
[debug] [2022-11-16T19:04:06.319Z] >>> [apiv2][query] POST https://www.googleapis.com/oauth2/v3/token [none]
[debug] [2022-11-16T19:04:06.319Z] >>> [apiv2][body] POST https://www.googleapis.com/oauth2/v3/token [omitted]
[debug] [2022-11-16T19:04:06.642Z] <<< [apiv2][status] POST https://www.googleapis.com/oauth2/v3/token 400
[debug] [2022-11-16T19:04:06.643Z] <<< [apiv2][body] POST https://www.googleapis.com/oauth2/v3/token [omitted]
[debug] [2022-11-16T19:04:06.643Z] >>> [apiv2][query] POST https://cloudresourcemanager.googleapis.com/v1/projects/employees-7f103:testIamPermissions [none]
[debug] [2022-11-16T19:04:06.643Z] >>> [apiv2][(partial)header] POST https://cloudresourcemanager.googleapis.com/v1/projects/employees-7f103:testIamPermissions x-goog-quota-user=projects/employees-7f103
[debug] [2022-11-16T19:04:06.644Z] >>> [apiv2][body] POST https://cloudresourcemanager.googleapis.com/v1/projects/employees-7f103:testIamPermissions {"permissions":["firebase.projects.get","firebasehosting.sites.update"]}
[debug] [2022-11-16T19:04:07.512Z] <<< [apiv2][status] POST https://cloudresourcemanager.googleapis.com/v1/projects/employees-7f103:testIamPermissions 401
[debug] [2022-11-16T19:04:07.513Z] <<< [apiv2][body] POST https://cloudresourcemanager.googleapis.com/v1/projects/employees-7f103:testIamPermissions {"error":{"code":401,"message":"Request had invalid authentication credentials. Expected OAuth 2 access token, login cookie or other valid authentication credential. See https://developers.google.com/identity/sign-in/web/devconsole-project.","status":"UNAUTHENTICATED","details":[{"@type":"type.googleapis.com/google.rpc.ErrorInfo","reason":"ACCESS_TOKEN_TYPE_UNSUPPORTED","metadata":{"method":"google.cloudresourcemanager.v1.Projects.TestIamPermissions","service":"cloudresourcemanager.googleapis.com"}}]}}
[debug] [2022-11-16T19:04:07.518Z] [iam] error while checking permissions, command may fail: FirebaseError: HTTP Error: 401, Request had invalid authentication credentials. Expected OAuth 2 access token, login cookie or other valid authentication credential. See https://developers.google.com/identity/sign-in/web/devconsole-project.
[debug] [2022-11-16T19:04:07.519Z] > refreshing access token with scopes: []
[debug] [2022-11-16T19:04:07.521Z] >>> [apiv2][query] POST https://www.googleapis.com/oauth2/v3/token [none]
[debug] [2022-11-16T19:04:07.521Z] >>> [apiv2][body] POST https://www.googleapis.com/oauth2/v3/token [omitted]
[debug] [2022-11-16T19:04:07.740Z] <<< [apiv2][status] POST https://www.googleapis.com/oauth2/v3/token 400
[debug] [2022-11-16T19:04:07.740Z] <<< [apiv2][body] POST https://www.googleapis.com/oauth2/v3/token [omitted]
[debug] [2022-11-16T19:04:07.743Z] >>> [apiv2][query] GET https://firebase.googleapis.com/v1beta1/projects/employees-7f103 [none]
[debug] [2022-11-16T19:04:07.965Z] <<< [apiv2][status] GET https://firebase.googleapis.com/v1beta1/projects/employees-7f103 401
[debug] [2022-11-16T19:04:07.965Z] <<< [apiv2][body] GET https://firebase.googleapis.com/v1beta1/projects/employees-7f103 {"error":{"code":401,"message":"Request had invalid authentication credentials. Expected OAuth 2 access token, login cookie or other valid authentication credential. See https://developers.google.com/identity/sign-in/web/devconsole-project.","status":"UNAUTHENTICATED"}}
[debug] [2022-11-16T19:04:07.967Z] HTTP Error: 401, Request had invalid authentication credentials. Expected OAuth 2 access token, login cookie or other valid authentication credential. See https://developers.google.com/identity/sign-in/web/devconsole-project.
[debug] [2022-11-16T19:04:07.974Z] FirebaseError: HTTP Error: 401, Request had invalid authentication credentials. Expected OAuth 2 access token, login cookie or other valid authentication credential. See https://developers.google.com/identity/sign-in/web/devconsole-project.
    at responseToError (C:\Users\Agata\AppData\Roaming\npm\node_modules\firebase-tools\lib\responseToError.js:49:12)
    at RetryOperation._fn (C:\Users\Agata\AppData\Roaming\npm\node_modules\firebase-tools\lib\apiv2.js:288:77)
    at processTicksAndRejections (node:internal/process/task_queues:96:5)
[error] 
[error] Error: Failed to get Firebase project employees-7f103. Please make sure the project exists and your account has permission to access it.
